# JRE version: Java(TM) SE Runtime Environment (8.0_60-b27) (build 1.8.0_60-b27)
# Java VM: Java HotSpot(TM) 64-Bit Server VM (25.60-b23 mixed mode windows-amd64 compressed oops)
Heap:
 PSYoungGen      total 18944K, used 17131K [0x00000000eb300000, 0x00000000ec800000, 0x0000000100000000)
  eden space 16384K, 93% used [0x00000000eb300000,0x00000000ec1e1fc8,0x00000000ec300000)
  from space 2560K, 73% used [0x00000000ec580000,0x00000000ec758ff8,0x00000000ec800000)
  to   space 2560K, 0% used [0x00000000ec300000,0x00000000ec300000,0x00000000ec580000)
 ParOldGen       total 32256K, used 599K [0x00000000c1800000, 0x00000000c3780000, 0x00000000eb300000)
  object space 32256K, 1% used [0x00000000c1800000,0x00000000c1895e98,0x00000000c3780000)
 Metaspace       used 12042K, capacity 12262K, committed 12416K, reserved 1064960K
  class space    used 1529K, capacity 1607K, committed 1664K, reserved 1048576K
GC Heap History (6 events):
Event: 0.454 GC heap before
{Heap before GC invocations=1 (full 0):
 PSYoungGen      total 18944K, used 2949K [0x00000000eb300000, 0x00000000ec800000, 0x0000000100000000)
  eden space 16384K, 18% used [0x00000000eb300000,0x00000000eb5e16f0,0x00000000ec300000)
  from space 2560K, 0% used [0x00000000ec580000,0x00000000ec580000,0x00000000ec800000)
  to   space 2560K, 0% used [0x00000000ec300000,0x00000000ec300000,0x00000000ec580000)
 ParOldGen       total 44032K, used 0K [0x00000000c1800000, 0x00000000c4300000, 0x00000000eb300000)
  object space 44032K, 0% used [0x00000000c1800000,0x00000000c1800000,0x00000000c4300000)
 Metaspace       used 5163K, capacity 5268K, committed 5376K, reserved 1060864K
  class space    used 608K, capacity 689K, committed 768K, reserved 1048576K
Event: 0.456 GC heap after
Heap after GC invocations=1 (full 0):
 PSYoungGen      total 18944K, used 720K [0x00000000eb300000, 0x00000000ec800000, 0x0000000100000000)
  eden space 16384K, 0% used [0x00000000eb300000,0x00000000eb300000,0x00000000ec300000)
  from space 2560K, 28% used [0x00000000ec300000,0x00000000ec3b4010,0x00000000ec580000)
  to   space 2560K, 0% used [0x00000000ec580000,0x00000000ec580000,0x00000000ec800000)
 ParOldGen       total 44032K, used 8K [0x00000000c1800000, 0x00000000c4300000, 0x00000000eb300000)
  object space 44032K, 0% used [0x00000000c1800000,0x00000000c1802000,0x00000000c4300000)
 Metaspace       used 5163K, capacity 5268K, committed 5376K, reserved 1060864K
  class space    used 608K, capacity 689K, committed 768K, reserved 1048576K
}
Event: 0.456 GC heap before
{Heap before GC invocations=2 (full 1):
 PSYoungGen      total 18944K, used 720K [0x00000000eb300000, 0x00000000ec800000, 0x0000000100000000)
  eden space 16384K, 0% used [0x00000000eb300000,0x00000000eb300000,0x00000000ec300000)
  from space 2560K, 28% used [0x00000000ec300000,0x00000000ec3b4010,0x00000000ec580000)
  to   space 2560K, 0% used [0x00000000ec580000,0x00000000ec580000,0x00000000ec800000)
 ParOldGen       total 44032K, used 8K [0x00000000c1800000, 0x00000000c4300000, 0x00000000eb300000)
  object space 44032K, 0% used [0x00000000c1800000,0x00000000c1802000,0x00000000c4300000)
 Metaspace       used 5163K, capacity 5268K, committed 5376K, reserved 1060864K
  class space    used 608K, capacity 689K, committed 768K, reserved 1048576K
Event: 0.465 GC heap after
Heap after GC invocations=2 (full 1):
 PSYoungGen      total 18944K, used 0K [0x00000000eb300000, 0x00000000ec800000, 0x0000000100000000)
  eden space 16384K, 0% used [0x00000000eb300000,0x00000000eb300000,0x00000000ec300000)
  from space 2560K, 0% used [0x00000000ec300000,0x00000000ec300000,0x00000000ec580000)
  to   space 2560K, 0% used [0x00000000ec580000,0x00000000ec580000,0x00000000ec800000)
 ParOldGen       total 32256K, used 591K [0x00000000c1800000, 0x00000000c3780000, 0x00000000eb300000)
  object space 32256K, 1% used [0x00000000c1800000,0x00000000c1893e98,0x00000000c3780000)
 Metaspace       used 5163K, capacity 5268K, committed 5376K, reserved 1058816K
  class space    used 608K, capacity 689K, committed 768K, reserved 1048576K
}
Event: 4.864 GC heap before
{Heap before GC invocations=3 (full 1):
 PSYoungGen      total 18944K, used 16377K [0x00000000eb300000, 0x00000000ec800000, 0x0000000100000000)
  eden space 16384K, 99% used [0x00000000eb300000,0x00000000ec2fe780,0x00000000ec300000)
  from space 2560K, 0% used [0x00000000ec300000,0x00000000ec300000,0x00000000ec580000)
  to   space 2560K, 0% used [0x00000000ec580000,0x00000000ec580000,0x00000000ec800000)
 ParOldGen       total 32256K, used 591K [0x00000000c1800000, 0x00000000c3780000, 0x00000000eb300000)
  object space 32256K, 1% used [0x00000000c1800000,0x00000000c1893e98,0x00000000c3780000)
 Metaspace       used 11805K, capacity 12066K, committed 12416K, reserved 1064960K
  class space    used 1514K, capacity 1607K, committed 1664K, reserved 1048576K
Event: 4.870 GC heap after
Heap after GC invocations=3 (full 1):
 PSYoungGen      total 18944K, used 1891K [0x00000000eb300000, 0x00000000ec800000, 0x0000000100000000)
  eden space 16384K, 0% used [0x00000000eb300000,0x00000000eb300000,0x00000000ec300000)
  from space 2560K, 73% used [0x00000000ec580000,0x00000000ec758ff8,0x00000000ec800000)
  to   space 2560K, 0% used [0x00000000ec300000,0x00000000ec300000,0x00000000ec580000)
 ParOldGen       total 32256K, used 599K [0x00000000c1800000, 0x00000000c3780000, 0x00000000eb300000)
  object space 32256K, 1% used [0x00000000c1800000,0x00000000c1895e98,0x00000000c3780000)
 Metaspace       used 11805K, capacity 12066K, committed 12416K, reserved 1064960K
  class space    used 1514K, capacity 1607K, committed 1664K, reserved 1048576K
}

